Flutter crash report.
Please report a bug at https://github.com/flutter/flutter/issues.

## command

flutter pub get

## exception

PathNotFoundException: PathNotFoundException: Cannot open file, path = '/Applications/flutter/flutter/version' (OS Error: No such file or directory, errno = 2)

```
#0      _File.throwIfError (dart:io/file_impl.dart:629:7)
#1      _File.openSync (dart:io/file_impl.dart:473:5)
#2      _File.readAsBytesSync (dart:io/file_impl.dart:533:18)
#3      _File.readAsStringSync (dart:io/file_impl.dart:578:18)
#4      ForwardingFile.readAsStringSync (package:file/src/forwarding/forwarding_file.dart:99:16)
#5      ErrorHandlingFile.readAsStringSync.<anonymous closure> (package:flutter_tools/src/base/error_handling_io.dart:222:22)
#6      _runSync (package:flutter_tools/src/base/error_handling_io.dart:600:14)
#7      ErrorHandlingFile.readAsStringSync (package:flutter_tools/src/base/error_handling_io.dart:221:12)
#8      _DefaultPub.get (package:flutter_tools/src/dart/pub.dart:360:50)
<asynchronous suspension>
#9      PackagesGetCommand._runPubGet (package:flutter_tools/src/commands/packages.dart:140:7)
<asynchronous suspension>
#10     PackagesGetCommand.runCommand (package:flutter_tools/src/commands/packages.dart:175:5)
<asynchronous suspension>
#11     FlutterCommand.run.<anonymous closure> (package:flutter_tools/src/runner/flutter_command.dart:1257:27)
<asynchronous suspension>
#12     AppContext.run.<anonymous closure> (package:flutter_tools/src/base/context.dart:150:19)
<asynchronous suspension>
#13     CommandRunner.runCommand (package:args/command_runner.dart:209:13)
<asynchronous suspension>
#14     FlutterCommandRunner.runCommand.<anonymous closure> (package:flutter_tools/src/runner/flutter_command_runner.dart:283:9)
<asynchronous suspension>
#15     AppContext.run.<anonymous closure> (package:flutter_tools/src/base/context.dart:150:19)
<asynchronous suspension>
#16     FlutterCommandRunner.runCommand (package:flutter_tools/src/runner/flutter_command_runner.dart:229:5)
<asynchronous suspension>
#17     run.<anonymous closure>.<anonymous closure> (package:flutter_tools/runner.dart:64:9)
<asynchronous suspension>
#18     AppContext.run.<anonymous closure> (package:flutter_tools/src/base/context.dart:150:19)
<asynchronous suspension>
#19     main (package:flutter_tools/executable.dart:91:3)
<asynchronous suspension>
```

## flutter doctor

```
[â˜ ] Flutter (the doctor check crashed)
    âœ— Due to an error, the doctor check did not complete. If the error message below is not helpful, please let us know about this issue at https://github.com/flutter/flutter/issues.
    âœ— Exception: Could not find directory at /Applications/flutter/flutter/bin/cache/dart-sdk/bin/resources/devtools
    â€¢ #0      Cache.devToolsVersion (package:flutter_tools/src/cache.dart:384:9)
      #1      _DefaultDoctorValidatorsProvider.validators.<anonymous closure> (package:flutter_tools/src/doctor.dart:126:46)
      #2      FlutterValidator.validate (package:flutter_tools/src/doctor.dart:530:84)
      #3      Doctor.startValidatorTasks.<anonymous closure> (package:flutter_tools/src/doctor.dart:250:72)
      #4      asyncGuard.<anonymous closure> (package:flutter_tools/src/base/async_guard.dart:111:32)
      #5      _rootRun (dart:async/zone.dart:1398:13)
      #6      _CustomZone.run (dart:async/zone.dart:1300:19)
      #7      _runZoned (dart:async/zone.dart:1803:10)
      #8      runZonedGuarded (dart:async/zone.dart:1791:12)
      #9      runZoned (dart:async/zone.dart:1743:12)
      #10     asyncGuard (package:flutter_tools/src/base/async_guard.dart:109:3)
      #11     Doctor.startValidatorTasks (package:flutter_tools/src/doctor.dart:242:9)
      #12     DoctorText._validatorTasks (package:flutter_tools/src/doctor.dart:739:60)
      #13     DoctorText._validatorTasks (package:flutter_tools/src/doctor.dart)
      #14     DoctorText._runDiagnosis (package:flutter_tools/src/doctor.dart:743:53)
      #15     DoctorText.text (package:flutter_tools/src/doctor.dart:735:36)
      #16     DoctorText.text (package:flutter_tools/src/doctor.dart)
      #17     _createLocalCrashReport (package:flutter_tools/runner.dart:206:51)
      #18     _handleToolError (package:flutter_tools/runner.dart:168:31)
      <asynchronous suspension>
      #19     AppContext.run.<anonymous closure> (package:flutter_tools/src/base/context.dart:150:19)
      <asynchronous suspension>
      #20     main (package:flutter_tools/executable.dart:91:3)
      <asynchronous suspension>


[!] Android toolchain - develop for Android devices (Android SDK version 33.0.0)
    â€¢ Android SDK at /Users/sagar/Library/Android/sdk
    â€¢ Platform android-33, build-tools 33.0.0
    â€¢ Java binary at: /Library/Java/JavaVirtualMachines/temurin-8.jdk/Contents/Home/bin/java
    â€¢ Java version OpenJDK Runtime Environment (Temurin)(build 1.8.0_322-b06)
    âœ— Android license status unknown.
      Run `flutter doctor --android-licenses` to accept the SDK licenses.
      See https://flutter.dev/docs/get-started/install/macos#android-setup for more details.

[âœ“] Xcode - develop for iOS and macOS (Xcode 14.2)
    â€¢ Xcode at /Applications/Xcode.app/Contents/Developer
    â€¢ Build 14C18
    â€¢ CocoaPods version 1.11.3

[âœ“] Chrome - develop for the web
    â€¢ Chrome at /Applications/Google Chrome.app/Contents/MacOS/Google Chrome

[!] Android Studio (version 2022.1)
    â€¢ Android Studio at /Applications/Android Studio.app/Contents
    â€¢ Flutter plugin can be installed from:
      ðŸ”¨ https://plugins.jetbrains.com/plugin/9212-flutter
    â€¢ Dart plugin can be installed from:
      ðŸ”¨ https://plugins.jetbrains.com/plugin/6351-dart
    âœ— Unable to find bundled Java version.
    â€¢ Try updating or re-installing Android Studio.

[âœ“] VS Code (version 1.74.3)
    â€¢ VS Code at /Applications/Visual Studio Code.app/Contents
    â€¢ Flutter extension version 3.58.0

[âœ“] Connected device (3 available)
    â€¢ iPhone 14 Pro (mobile) â€¢ 01D7AC4F-11B8-456A-8FD4-8275C0814F45 â€¢ ios            â€¢ com.apple.CoreSimulator.SimRuntime.iOS-16-2 (simulator)
    â€¢ macOS (desktop)        â€¢ macos                                â€¢ darwin-arm64   â€¢ macOS 13.1 22C65 darwin-arm64
    â€¢ Chrome (web)           â€¢ chrome                               â€¢ web-javascript â€¢ Google Chrome 109.0.5414.119

[âœ“] HTTP Host Availability
    â€¢ All required HTTP hosts are available

! Doctor found issues in 3 categories.
```
